TN:
SF:/home/salas/antaramol/trabajo/VHDL/general/contador.vhd
FN:1,src_lib__contador__STMT_ELAB
FNDA:4,src_lib__contador__STMT_ELAB
FN:1,src_lib__contador__DECL_ELAB
FNDA:4,src_lib__contador__DECL_ELAB
FN:1,src_lib__contador__PKG_ELAB
FNDA:4,src_lib__contador__PKG_ELAB
FN:5,src_lib__contador__ARCH__contador_arch__STMT_ELAB
FNDA:4,src_lib__contador__ARCH__contador_arch__STMT_ELAB
FN:5,src_lib__contador__ARCH__contador_arch__DECL_ELAB
FNDA:4,src_lib__contador__ARCH__contador_arch__DECL_ELAB
FN:5,src_lib__contador__ARCH__contador_arch__comb__PROC
FNDA:14029,src_lib__contador__ARCH__contador_arch__comb__PROC
FN:36,src_lib__contador__ARCH__contador_arch__sinc__PROC
FNDA:28622,src_lib__contador__ARCH__contador_arch__sinc__PROC
FN:46,src_lib__contador__ARCH__contador_arch__P0__PROC
FNDA:14018,src_lib__contador__ARCH__contador_arch__P0__PROC
DA:1,4
DA:5,4
DA:1,4
DA:5,32
DA:1,4
DA:5,4
DA:5,4
DA:21,4
DA:25,60
DA:40,32
DA:52,88
DA:5,4
DA:21,60
DA:5,14029
DA:27,14029
DA:28,14010
DA:29,15278
DA:32,90600
DA:36,155
DA:36,28622
DA:42,28622
DA:43,564
DA:45,28586
DA:46,115198
DA:52,98890
end_of_record
TN:
SF:/home/salas/antaramol/trabajo/VHDL/general/tb_contador.vhd
FN:1,src_lib__contador_tb__STMT_ELAB
FNDA:2,src_lib__contador_tb__STMT_ELAB
FN:1,src_lib__contador_tb__DECL_ELAB
FNDA:2,src_lib__contador_tb__DECL_ELAB
FN:1,src_lib__contador_tb__PKG_ELAB
FNDA:2,src_lib__contador_tb__PKG_ELAB
FN:10,src_lib__contador_tb__ARCH__bench__STMT_ELAB
FNDA:2,src_lib__contador_tb__ARCH__bench__STMT_ELAB
FN:10,src_lib__contador_tb__ARCH__bench__DECL_ELAB
FNDA:2,src_lib__contador_tb__ARCH__bench__DECL_ELAB
FN:10,src_lib__contador_tb__ARCH__bench__contador_inst__COMP_ELAB
FNDA:2,src_lib__contador_tb__ARCH__bench__contador_inst__COMP_ELAB
FN:12,src_lib__contador_tb__ARCH__bench__main__PROC
FNDA:21,src_lib__contador_tb__ARCH__bench__main__PROC
FN:83,src_lib__contador_tb__ARCH__bench__clk_process__PROC
FNDA:914,src_lib__contador_tb__ARCH__bench__clk_process__PROC
DA:1,2
DA:10,2
DA:1,2
DA:10,2
DA:1,2
DA:10,2
DA:8,2
DA:9,2
DA:10,2
DA:27,2
DA:42,10
DA:87,2
DA:10,2
DA:18,2
DA:20,2
DA:23,2
DA:24,2
DA:25,2
DA:27,18
DA:10,4
DA:12,34
DA:12,39
DA:31,2
DA:44,6
DA:45,6
DA:46,2
DA:47,1
DA:48,1
DA:49,1
DA:50,1
DA:51,1
DA:52,1
DA:53,2
DA:55,3
DA:56,1
DA:57,1
DA:58,1
DA:59,1
DA:60,1
DA:61,1
DA:62,1
DA:63,1
DA:64,1
DA:66,1
DA:67,1
DA:68,1
DA:69,1
DA:70,1
DA:71,1
DA:72,1
DA:73,1
DA:75,1
DA:76,1
DA:77,1
DA:78,4
DA:83,1392
DA:89,458
DA:90,458
DA:91,456
DA:92,914
end_of_record
TN:
SF:/home/salas/antaramol/trabajo/VHDL/general/edc_common.vhd
FN:1,src_lib__edc_common__ELAB_BODY
FNDA:6,src_lib__edc_common__ELAB_BODY
FN:1,src_lib__edc_common__ELAB_SPEC
FNDA:6,src_lib__edc_common__ELAB_SPEC
FN:1,src_lib__edc_common__complex15_EQ
FNDA:0,src_lib__edc_common__complex15_EQ
FN:1,src_lib__edc_common__complex10_EQ
FNDA:25014,src_lib__edc_common__complex10_EQ
DA:1,6
DA:1,6
DA:1,0
DA:1,25014
end_of_record
TN:
SF:/home/salas/antaramol/trabajo/VHDL/general/estimador.vhd
FN:1,src_lib__estimador__STMT_ELAB
FNDA:1,src_lib__estimador__STMT_ELAB
FN:1,src_lib__estimador__DECL_ELAB
FNDA:1,src_lib__estimador__DECL_ELAB
FN:1,src_lib__estimador__PKG_ELAB
FNDA:1,src_lib__estimador__PKG_ELAB
FN:9,src_lib__estimador__ARCH__estimador_arch__STMT_ELAB
FNDA:1,src_lib__estimador__ARCH__estimador_arch__STMT_ELAB
FN:9,src_lib__estimador__ARCH__estimador_arch__DECL_ELAB
FNDA:1,src_lib__estimador__ARCH__estimador_arch__DECL_ELAB
FN:9,src_lib__estimador__ARCH__estimador_arch__contador_inst__COMP_ELAB
FNDA:1,src_lib__estimador__ARCH__estimador_arch__contador_inst__COMP_ELAB
FN:10,src_lib__estimador__ARCH__estimador_arch__interpolator_inst__COMP_ELAB
FNDA:1,src_lib__estimador__ARCH__estimador_arch__interpolator_inst__COMP_ELAB
FN:12,src_lib__estimador__ARCH__estimador_arch__fsm_inst__COMP_ELAB
FNDA:1,src_lib__estimador__ARCH__estimador_arch__fsm_inst__COMP_ELAB
FN:17,src_lib__estimador__ARCH__estimador_arch__P0__PROC
FNDA:1140,src_lib__estimador__ARCH__estimador_arch__P0__PROC
FN:26,src_lib__estimador__ARCH__estimador_arch__prbs_inst__COMP_ELAB
FNDA:1,src_lib__estimador__ARCH__estimador_arch__prbs_inst__COMP_ELAB
DA:1,1
DA:9,1
DA:1,1
DA:9,41
DA:1,1
DA:9,1
DA:7,1
DA:8,2
DA:9,1
DA:30,1
DA:76,1
DA:9,1
DA:26,17
DA:27,101
DA:28,41
DA:29,1
DA:30,1
DA:9,2
DA:10,1
DA:12,17
DA:9,1
DA:10,1
DA:11,1
DA:12,21
DA:13,21
DA:14,1
DA:15,41
DA:16,1
DA:17,22
DA:18,9
DA:19,1
DA:20,1
DA:21,41
DA:22,41
DA:23,1
DA:24,1
DA:25,1
DA:26,1
DA:35,1
DA:43,1
DA:59,1
DA:66,1
DA:76,1141
end_of_record
TN:
SF:/home/salas/antaramol/trabajo/VHDL/general/interpolator.vhd
FN:1,src_lib__interpolator__STMT_ELAB
FNDA:3,src_lib__interpolator__STMT_ELAB
FN:1,src_lib__interpolator__DECL_ELAB
FNDA:3,src_lib__interpolator__DECL_ELAB
FN:1,src_lib__interpolator__PKG_ELAB
FNDA:3,src_lib__interpolator__PKG_ELAB
FN:8,src_lib__interpolator__ARCH__two_processes__STMT_ELAB
FNDA:3,src_lib__interpolator__ARCH__two_processes__STMT_ELAB
FN:8,src_lib__interpolator__ARCH__two_processes__DECL_ELAB
FNDA:3,src_lib__interpolator__ARCH__two_processes__DECL_ELAB
FN:8,src_lib__interpolator__ARCH__two_processes__comb__PROC
FNDA:15939,src_lib__interpolator__ARCH__two_processes__comb__PROC
FN:63,src_lib__interpolator__ARCH__two_processes__P0__PROC
FNDA:14795,src_lib__interpolator__ARCH__two_processes__P0__PROC
FN:69,src_lib__interpolator__ARCH__two_processes__P1__PROC
FNDA:14793,src_lib__interpolator__ARCH__two_processes__P1__PROC
FN:70,src_lib__interpolator__ARCH__two_processes__sinc__PROC
FNDA:27971,src_lib__interpolator__ARCH__two_processes__sinc__PROC
FN:81,src_lib__interpolator__ARCH__two_processes__firewall_assertions__PROC
FNDA:27971,src_lib__interpolator__ARCH__two_processes__firewall_assertions__PROC
DA:1,3
DA:8,3
DA:1,3
DA:8,183
DA:1,3
DA:8,3
DA:8,3
DA:27,3
DA:36,333
DA:69,123
DA:70,123
DA:76,18
DA:94,123
DA:8,3
DA:23,33
DA:24,93
DA:27,123
DA:8,15939
DA:39,31878
DA:40,2285
DA:41,2285
DA:42,6822
DA:43,1137
DA:45,6888
DA:48,81924
DA:51,15939
DA:52,25003
DA:53,25003
DA:54,2273
DA:56,150326
DA:57,150326
DA:60,15939
DA:61,1137
DA:63,14802
DA:63,14795
DA:69,236720
DA:70,236688
DA:78,27971
DA:79,192
DA:80,27939
DA:81,97769
DA:96,27971
DA:97,293643
DA:98,293643
DA:99,27952
DA:100,12507
DA:101,0
DA:104,12507
DA:105,3
end_of_record
TN:
SF:/home/salas/antaramol/trabajo/VHDL/general/tb_fsm.vhd
FN:1,src_lib__fsm_tb__STMT_ELAB
FNDA:3,src_lib__fsm_tb__STMT_ELAB
FN:1,src_lib__fsm_tb__DECL_ELAB
FNDA:3,src_lib__fsm_tb__DECL_ELAB
FN:1,src_lib__fsm_tb__PKG_ELAB
FNDA:3,src_lib__fsm_tb__PKG_ELAB
FN:11,src_lib__fsm_tb__ARCH__bench__STMT_ELAB
FNDA:3,src_lib__fsm_tb__ARCH__bench__STMT_ELAB
FN:11,src_lib__fsm_tb__ARCH__bench__DECL_ELAB
FNDA:3,src_lib__fsm_tb__ARCH__bench__DECL_ELAB
FN:11,src_lib__fsm_tb__ARCH__bench__fsm_inst__COMP_ELAB
FNDA:3,src_lib__fsm_tb__ARCH__bench__fsm_inst__COMP_ELAB
FN:26,src_lib__fsm_tb__ARCH__bench__main__PROC
FNDA:12,src_lib__fsm_tb__ARCH__bench__main__PROC
FN:73,src_lib__fsm_tb__ARCH__bench__clk_process__PROC
FNDA:603,src_lib__fsm_tb__ARCH__bench__clk_process__PROC
DA:1,3
DA:11,3
DA:1,3
DA:11,3
DA:1,3
DA:11,3
DA:11,3
DA:37,3
DA:61,15
DA:78,3
DA:11,3
DA:19,3
DA:21,3
DA:22,3
DA:25,3
DA:26,3
DA:27,27
DA:28,63
DA:29,27
DA:30,3
DA:31,3
DA:32,63
DA:33,63
DA:34,3
DA:35,3
DA:36,3
DA:37,3
DA:11,3
DA:15,3
DA:16,3
DA:17,63
DA:18,27
DA:19,3
DA:20,3
DA:21,123
DA:22,123
DA:23,3
DA:24,3
DA:25,3
DA:26,3
DA:26,36
DA:41,3
DA:63,9
DA:64,6
DA:65,3
DA:66,4
DA:67,2
DA:68,6
DA:70,5
DA:71,2
DA:72,1
DA:73,929
DA:80,303
DA:81,303
DA:82,300
DA:83,603
end_of_record
TN:
SF:/home/salas/antaramol/trabajo/VHDL/general/tb_estimador.vhd
FN:1,src_lib__estimador_tb__STMT_ELAB
FNDA:1,src_lib__estimador_tb__STMT_ELAB
FN:1,src_lib__estimador_tb__DECL_ELAB
FNDA:1,src_lib__estimador_tb__DECL_ELAB
FN:1,src_lib__estimador_tb__PKG_ELAB
FNDA:1,src_lib__estimador_tb__PKG_ELAB
FN:11,src_lib__estimador_tb__ARCH__bench__STMT_ELAB
FNDA:1,src_lib__estimador_tb__ARCH__bench__STMT_ELAB
FN:11,src_lib__estimador_tb__ARCH__bench__DECL_ELAB
FNDA:1,src_lib__estimador_tb__ARCH__bench__DECL_ELAB
FN:11,src_lib__estimador_tb__ARCH__bench__estimador_inst__COMP_ELAB
FNDA:1,src_lib__estimador_tb__ARCH__bench__estimador_inst__COMP_ELAB
FN:20,src_lib__estimador_tb__ARCH__bench__main__PROC
FNDA:6825,src_lib__estimador_tb__ARCH__bench__main__PROC
FN:107,src_lib__estimador_tb__ARCH__bench__printer__PROC
FNDA:13854,src_lib__estimador_tb__ARCH__bench__printer__PROC
FN:147,src_lib__estimador_tb__ARCH__bench__clk_process__PROC
FNDA:13853,src_lib__estimador_tb__ARCH__bench__clk_process__PROC
DA:1,1
DA:11,1
DA:1,1
DA:11,1
DA:1,1
DA:11,1
DA:11,1
DA:37,1
DA:56,1
DA:57,1
DA:59,1
DA:60,65
DA:111,1
DA:116,1
DA:117,1
DA:151,1
DA:11,1
DA:19,1
DA:21,1
DA:22,1
DA:25,1
DA:26,1
DA:27,21
DA:28,1
DA:29,1
DA:30,21
DA:32,21
DA:33,17
DA:36,1
DA:37,1
DA:11,1
DA:15,1
DA:16,1
DA:17,21
DA:18,1
DA:19,1
DA:20,41
DA:20,20475
DA:42,1
DA:62,3
DA:63,3
DA:64,1
DA:65,1
DA:66,1
DA:67,1
DA:68,1
DA:70,1
DA:71,1
DA:72,1
DA:74,1
DA:75,1
DA:77,6819
DA:78,6817
DA:80,6817
DA:82,156791
DA:86,74987
DA:87,74987
DA:89,6817
DA:90,6817
DA:93,41
DA:94,1
DA:96,3
DA:101,1
DA:102,3
DA:104,2
DA:105,2
DA:107,89305
DA:123,1
DA:124,1
DA:127,6928
DA:128,27705
DA:129,6926
DA:131,6817
DA:132,13634
DA:134,6817
DA:135,27377
DA:141,2
DA:142,2
DA:143,1
DA:144,2
DA:145,2
DA:147,82579
DA:153,6927
DA:154,6927
DA:155,6926
DA:156,13853
end_of_record
TN:
SF:/home/salas/antaramol/trabajo/VHDL/general/FSM.vhd
FN:1,src_lib__fsm__STMT_ELAB
FNDA:5,src_lib__fsm__STMT_ELAB
FN:1,src_lib__fsm__DECL_ELAB
FNDA:5,src_lib__fsm__DECL_ELAB
FN:1,src_lib__fsm__PKG_ELAB
FNDA:5,src_lib__fsm__PKG_ELAB
FN:9,src_lib__fsm__ARCH__fsm_arch__STMT_ELAB
FNDA:5,src_lib__fsm__ARCH__fsm_arch__STMT_ELAB
FN:9,src_lib__fsm__ARCH__fsm_arch__DECL_ELAB
FNDA:5,src_lib__fsm__ARCH__fsm_arch__DECL_ELAB
FN:9,src_lib__fsm__ARCH__fsm_arch__comb__PROC
FNDA:2285,src_lib__fsm__ARCH__fsm_arch__comb__PROC
FN:98,src_lib__fsm__ARCH__fsm_arch__sinc__PROC
FNDA:28311,src_lib__fsm__ARCH__fsm_arch__sinc__PROC
DA:1,5
DA:9,5
DA:1,5
DA:9,341
DA:1,5
DA:9,5
DA:9,5
DA:35,5
DA:39,5
DA:40,205
DA:41,905
DA:106,5
DA:9,5
DA:33,5
DA:34,41
DA:35,105
DA:9,2285
DA:43,2285
DA:45,2285
DA:47,2285
DA:50,2285
DA:52,77
DA:53,77
DA:54,77
DA:55,77
DA:58,2
DA:59,2
DA:60,22
DA:61,22
DA:63,0
DA:64,0
DA:67,2
DA:70,2
DA:73,1136
DA:75,23856
DA:77,1136
DA:78,6072
DA:79,6072
DA:81,6424
DA:82,6424
DA:85,1136
DA:87,1136
DA:88,568
DA:90,1704
DA:94,1136
DA:97,2
DA:98,2
DA:98,28311
DA:108,28311
DA:109,12
DA:110,28299
DA:111,14143
DA:113,485
DA:114,485
DA:118,2
DA:121,22
DA:122,22
DA:126,1136
DA:129,12496
DA:130,2
DA:131,12494
DA:132,12496
DA:136,7
end_of_record
TN:
SF:/home/salas/antaramol/trabajo/VHDL/general/top_level.vhd
FN:1,src_lib__top_level__STMT_ELAB
FNDA:1,src_lib__top_level__STMT_ELAB
FN:1,src_lib__top_level__DECL_ELAB
FNDA:1,src_lib__top_level__DECL_ELAB
FN:1,src_lib__top_level__PKG_ELAB
FNDA:1,src_lib__top_level__PKG_ELAB
FN:9,src_lib__top_level__ARCH__top_level_arch__STMT_ELAB
FNDA:1,src_lib__top_level__ARCH__top_level_arch__STMT_ELAB
FN:9,src_lib__top_level__ARCH__top_level_arch__DECL_ELAB
FNDA:1,src_lib__top_level__ARCH__top_level_arch__DECL_ELAB
FN:9,src_lib__top_level__ARCH__top_level_arch__contador_inst__COMP_ELAB
FNDA:1,src_lib__top_level__ARCH__top_level_arch__contador_inst__COMP_ELAB
FN:10,src_lib__top_level__ARCH__top_level_arch__interpolator_inst__COMP_ELAB
FNDA:1,src_lib__top_level__ARCH__top_level_arch__interpolator_inst__COMP_ELAB
FN:12,src_lib__top_level__ARCH__top_level_arch__fsm_inst__COMP_ELAB
FNDA:1,src_lib__top_level__ARCH__top_level_arch__fsm_inst__COMP_ELAB
FN:17,src_lib__top_level__ARCH__top_level_arch__P0__PROC
FNDA:1140,src_lib__top_level__ARCH__top_level_arch__P0__PROC
FN:26,src_lib__top_level__ARCH__top_level_arch__prbs_inst__COMP_ELAB
FNDA:1,src_lib__top_level__ARCH__top_level_arch__prbs_inst__COMP_ELAB
FN:78,src_lib__top_level__ARCH__top_level_arch__ecualizador_inst__COMP_ELAB
FNDA:1,src_lib__top_level__ARCH__top_level_arch__ecualizador_inst__COMP_ELAB
DA:1,1
DA:9,1
DA:1,1
DA:9,41
DA:1,1
DA:9,1
DA:7,1
DA:8,2
DA:9,1
DA:32,1
DA:78,1
DA:9,1
DA:21,1
DA:26,9
DA:27,101
DA:28,41
DA:29,1
DA:30,1
DA:31,21
DA:32,1
DA:9,2
DA:10,1
DA:12,9
DA:9,1
DA:10,1
DA:11,1
DA:12,21
DA:13,21
DA:14,2
DA:15,41
DA:16,22
DA:17,22
DA:18,26
DA:19,2
DA:20,2
DA:21,82
DA:22,41
DA:23,1
DA:24,1
DA:25,1
DA:26,1
DA:37,1
DA:45,1
DA:61,1
DA:68,1
DA:78,1140
DA:80,1
end_of_record
TN:
SF:/home/salas/antaramol/trabajo/VHDL/general/tb_interpolador.vhd
FN:1,src_lib__interpolator_tb__STMT_ELAB
FNDA:1,src_lib__interpolator_tb__STMT_ELAB
FN:1,src_lib__interpolator_tb__DECL_ELAB
FNDA:1,src_lib__interpolator_tb__DECL_ELAB
FN:1,src_lib__interpolator_tb__PKG_ELAB
FNDA:1,src_lib__interpolator_tb__PKG_ELAB
FN:11,src_lib__interpolator_tb__ARCH__bench__STMT_ELAB
FNDA:1,src_lib__interpolator_tb__ARCH__bench__STMT_ELAB
FN:11,src_lib__interpolator_tb__ARCH__bench__DECL_ELAB
FNDA:1,src_lib__interpolator_tb__ARCH__bench__DECL_ELAB
FN:11,src_lib__interpolator_tb__ARCH__bench__interpolator_inst__COMP_ELAB
FNDA:1,src_lib__interpolator_tb__ARCH__bench__interpolator_inst__COMP_ELAB
FN:17,src_lib__interpolator_tb__ARCH__bench__main__PROC
FNDA:8,src_lib__interpolator_tb__ARCH__bench__main__PROC
FN:71,src_lib__interpolator_tb__ARCH__bench__clk_process__PROC
FNDA:263,src_lib__interpolator_tb__ARCH__bench__clk_process__PROC
DA:1,1
DA:11,1
DA:1,1
DA:11,1
DA:1,1
DA:11,1
DA:10,1
DA:11,1
DA:30,1
DA:46,45
DA:75,1
DA:11,1
DA:19,1
DA:23,1
DA:24,1
DA:25,21
DA:26,21
DA:27,1
DA:28,21
DA:29,1
DA:30,1
DA:11,2
DA:12,21
DA:13,21
DA:14,1
DA:15,41
DA:16,1
DA:17,1
DA:17,17
DA:34,1
DA:48,3
DA:49,3
DA:50,1
DA:52,1
DA:53,1
DA:54,1
DA:55,1
DA:57,1
DA:58,1
DA:59,11
DA:60,11
DA:61,11
DA:62,11
DA:64,1
DA:65,1
DA:67,3
DA:71,405
DA:77,132
DA:78,132
DA:79,131
DA:80,263
end_of_record
TN:
SF:/home/salas/antaramol/trabajo/VHDL/general/prbs.vhd
FN:1,src_lib__prbs__STMT_ELAB
FNDA:4,src_lib__prbs__STMT_ELAB
FN:1,src_lib__prbs__DECL_ELAB
FNDA:4,src_lib__prbs__DECL_ELAB
FN:1,src_lib__prbs__PKG_ELAB
FNDA:4,src_lib__prbs__PKG_ELAB
FN:5,src_lib__prbs__ARCH__prbs_arch__STMT_ELAB
FNDA:4,src_lib__prbs__ARCH__prbs_arch__STMT_ELAB
FN:5,src_lib__prbs__ARCH__prbs_arch__DECL_ELAB
FNDA:4,src_lib__prbs__ARCH__prbs_arch__DECL_ELAB
FN:5,src_lib__prbs__ARCH__prbs_arch__P0__PROC
FNDA:7710,src_lib__prbs__ARCH__prbs_arch__P0__PROC
FN:20,src_lib__prbs__ARCH__prbs_arch__comb__PROC
FNDA:15483,src_lib__prbs__ARCH__prbs_arch__comb__PROC
FN:28,src_lib__prbs__ARCH__prbs_arch__sinc__PROC
FNDA:31454,src_lib__prbs__ARCH__prbs_arch__sinc__PROC
DA:1,4
DA:5,4
DA:1,4
DA:5,4
DA:1,4
DA:5,4
DA:5,4
DA:16,4
DA:20,4
DA:22,172
DA:33,48
DA:5,4
DA:16,92
DA:5,7710
DA:20,7710
DA:20,15483
DA:24,15483
DA:25,15465
DA:26,170115
DA:28,216
DA:35,31454
DA:36,644
DA:37,31426
DA:38,204229
end_of_record
TN:
SF:/home/salas/antaramol/trabajo/VHDL/general/ecualizador.vhd
FN:1,src_lib__ecualizador__PKG_ELAB
FNDA:1,src_lib__ecualizador__PKG_ELAB
FN:1,src_lib__ecualizador__DECL_ELAB
FNDA:1,src_lib__ecualizador__DECL_ELAB
FN:1,src_lib__ecualizador__STMT_ELAB
FNDA:1,src_lib__ecualizador__STMT_ELAB
FN:8,src_lib__ecualizador__ARCH__ecualizador_arch__DECL_ELAB
FNDA:1,src_lib__ecualizador__ARCH__ecualizador_arch__DECL_ELAB
FN:8,src_lib__ecualizador__ARCH__ecualizador_arch__registro_type_BUILDER
FNDA:13848,src_lib__ecualizador__ARCH__ecualizador_arch__registro_type_BUILDER
FN:8,src_lib__ecualizador__ARCH__ecualizador_arch__registro_type_SIGBUILDER
FNDA:13848,src_lib__ecualizador__ARCH__ecualizador_arch__registro_type_SIGBUILDER
FN:8,src_lib__ecualizador__ARCH__ecualizador_arch__registro_type_EQ
FNDA:0,src_lib__ecualizador__ARCH__ecualizador_arch__registro_type_EQ
FN:8,src_lib__ecualizador__ARCH__ecualizador_arch__P0__PROC
FNDA:1138,src_lib__ecualizador__ARCH__ecualizador_arch__P0__PROC
FN:8,src_lib__ecualizador__ARCH__ecualizador_arch__STMT_ELAB
FNDA:1,src_lib__ecualizador__ARCH__ecualizador_arch__STMT_ELAB
FN:40,src_lib__ecualizador__ARCH__ecualizador_arch__P1__PROC
FNDA:5157,src_lib__ecualizador__ARCH__ecualizador_arch__P1__PROC
FN:42,src_lib__ecualizador__ARCH__ecualizador_arch__P2__PROC
FNDA:5218,src_lib__ecualizador__ARCH__ecualizador_arch__P2__PROC
FN:43,src_lib__ecualizador__ARCH__ecualizador_arch__P3__PROC
FNDA:6788,src_lib__ecualizador__ARCH__ecualizador_arch__P3__PROC
FN:44,src_lib__ecualizador__ARCH__ecualizador_arch__P4__PROC
FNDA:6774,src_lib__ecualizador__ARCH__ecualizador_arch__P4__PROC
FN:45,src_lib__ecualizador__ARCH__ecualizador_arch__P5__PROC
FNDA:13482,src_lib__ecualizador__ARCH__ecualizador_arch__P5__PROC
FN:47,src_lib__ecualizador__ARCH__ecualizador_arch__P6__PROC
FNDA:13482,src_lib__ecualizador__ARCH__ecualizador_arch__P6__PROC
FN:48,src_lib__ecualizador__ARCH__ecualizador_arch__P7__PROC
FNDA:6663,src_lib__ecualizador__ARCH__ecualizador_arch__P7__PROC
FN:50,src_lib__ecualizador__ARCH__ecualizador_arch__comb__PROC
FNDA:14044,src_lib__ecualizador__ARCH__ecualizador_arch__comb__PROC
FN:104,src_lib__ecualizador__ARCH__ecualizador_arch__P8__PROC
FNDA:11620,src_lib__ecualizador__ARCH__ecualizador_arch__P8__PROC
FN:109,src_lib__ecualizador__ARCH__ecualizador_arch__P9__PROC
FNDA:10994,src_lib__ecualizador__ARCH__ecualizador_arch__P9__PROC
FN:110,src_lib__ecualizador__ARCH__ecualizador_arch__sinc__PROC
FNDA:13854,src_lib__ecualizador__ARCH__ecualizador_arch__sinc__PROC
DA:1,1
DA:8,1
DA:1,1
DA:8,61
DA:1,1
DA:8,1
DA:8,1
DA:25,1
DA:28,1093
DA:30,41
DA:31,28
DA:32,55
DA:34,55
DA:8,13848
DA:8,13848
DA:8,0
DA:8,1138
DA:40,1138
DA:8,1
DA:34,1
DA:40,1
DA:42,21
DA:43,21
DA:44,21
DA:45,21
DA:47,61
DA:48,61
DA:50,61
DA:54,136
DA:109,41
DA:110,41
DA:113,546
DA:40,5157
DA:42,56727
DA:43,57398
DA:44,74668
DA:45,74514
DA:47,283122
DA:48,283122
DA:50,139923
DA:58,14044
DA:72,13468
DA:74,0
DA:75,0
DA:76,0
DA:77,0
DA:79,0
DA:82,0
DA:83,0
DA:84,0
DA:85,0
DA:87,0
DA:91,377104
DA:92,377104
DA:103,16128
DA:104,16128
DA:109,127820
DA:110,120934
DA:116,13854
DA:122,3282
DA:123,13848
DA:124,145383
DA:125,1751520
end_of_record
TN:
SF:/home/salas/antaramol/trabajo/VHDL/general/tb_top.vhd
FN:1,src_lib__top_level_tb__STMT_ELAB
FNDA:1,src_lib__top_level_tb__STMT_ELAB
FN:1,src_lib__top_level_tb__DECL_ELAB
FNDA:1,src_lib__top_level_tb__DECL_ELAB
FN:1,src_lib__top_level_tb__PKG_ELAB
FNDA:1,src_lib__top_level_tb__PKG_ELAB
FN:16,src_lib__top_level_tb__ARCH__bench__STMT_ELAB
FNDA:1,src_lib__top_level_tb__ARCH__bench__STMT_ELAB
FN:16,src_lib__top_level_tb__ARCH__bench__DECL_ELAB
FNDA:1,src_lib__top_level_tb__ARCH__bench__DECL_ELAB
FN:16,src_lib__top_level_tb__ARCH__bench__top_level_inst__COMP_ELAB
FNDA:1,src_lib__top_level_tb__ARCH__bench__top_level_inst__COMP_ELAB
FN:20,src_lib__top_level_tb__ARCH__bench__main__PROC
FNDA:6825,src_lib__top_level_tb__ARCH__bench__main__PROC
FN:119,src_lib__top_level_tb__ARCH__bench__printer__PROC
FNDA:13854,src_lib__top_level_tb__ARCH__bench__printer__PROC
FN:160,src_lib__top_level_tb__ARCH__bench__clk_process__PROC
FNDA:13853,src_lib__top_level_tb__ARCH__bench__clk_process__PROC
DA:1,1
DA:16,1
DA:1,1
DA:16,1
DA:1,1
DA:16,1
DA:15,1
DA:16,1
DA:46,1
DA:65,1
DA:67,1
DA:69,1
DA:70,65
DA:124,1
DA:129,1
DA:130,1
DA:165,1
DA:16,1
DA:24,1
DA:26,1
DA:27,1
DA:30,1
DA:31,1
DA:32,41
DA:33,1
DA:36,21
DA:37,9
DA:39,33
DA:40,11
DA:42,1
DA:43,1
DA:45,21
DA:46,1
DA:16,2
DA:17,21
DA:18,1
DA:19,1
DA:20,41
DA:20,20475
DA:51,1
DA:74,3
DA:75,3
DA:76,1
DA:77,1
DA:78,1
DA:79,1
DA:80,1
DA:82,1
DA:83,1
DA:84,1
DA:86,1
DA:87,1
DA:89,6819
DA:90,6817
DA:92,6817
DA:94,156791
DA:98,74987
DA:99,74987
DA:101,6817
DA:102,6817
DA:105,41
DA:106,1
DA:108,3
DA:113,1
DA:114,3
DA:116,2
DA:117,2
DA:119,89305
DA:136,1
DA:137,1
DA:140,6928
DA:141,27705
DA:142,6926
DA:144,6817
DA:145,13634
DA:147,6817
DA:148,27377
DA:154,2
DA:155,2
DA:156,1
DA:157,2
DA:158,2
DA:160,82579
DA:167,6927
DA:168,6927
DA:169,6926
DA:170,13853
end_of_record
TN:
SF:/home/salas/antaramol/trabajo/VHDL/general/tb_prbs.vhd
FN:1,src_lib__prbs_tb__STMT_ELAB
FNDA:2,src_lib__prbs_tb__STMT_ELAB
FN:1,src_lib__prbs_tb__DECL_ELAB
FNDA:2,src_lib__prbs_tb__DECL_ELAB
FN:1,src_lib__prbs_tb__PKG_ELAB
FNDA:2,src_lib__prbs_tb__PKG_ELAB
FN:10,src_lib__prbs_tb__ARCH__bench__STMT_ELAB
FNDA:2,src_lib__prbs_tb__ARCH__bench__STMT_ELAB
FN:10,src_lib__prbs_tb__ARCH__bench__DECL_ELAB
FNDA:2,src_lib__prbs_tb__ARCH__bench__DECL_ELAB
FN:10,src_lib__prbs_tb__ARCH__bench__main__PROC
FNDA:20,src_lib__prbs_tb__ARCH__bench__main__PROC
FN:10,src_lib__prbs_tb__ARCH__bench__prbs_inst__COMP_ELAB
FNDA:2,src_lib__prbs_tb__ARCH__bench__prbs_inst__COMP_ELAB
FN:77,src_lib__prbs_tb__ARCH__bench__printer__PROC
FNDA:3746,src_lib__prbs_tb__ARCH__bench__printer__PROC
FN:117,src_lib__prbs_tb__ARCH__bench__clk_process__PROC
FNDA:3744,src_lib__prbs_tb__ARCH__bench__clk_process__PROC
DA:1,2
DA:10,2
DA:1,2
DA:10,2
DA:1,2
DA:10,2
DA:7,2
DA:8,2
DA:9,2
DA:10,2
DA:28,2
DA:40,10
DA:82,2
DA:87,2
DA:88,2
DA:120,2
DA:10,2
DA:18,2
DA:22,2
DA:23,2
DA:24,2
DA:25,2
DA:27,2
DA:28,2
DA:10,40
DA:42,6
DA:43,6
DA:44,2
DA:45,1
DA:46,1
DA:47,1
DA:48,1
DA:49,1
DA:50,1
DA:52,1
DA:53,1
DA:54,2
DA:56,3
DA:57,1
DA:58,1
DA:59,1
DA:60,1
DA:61,1
DA:62,1
DA:63,1
DA:64,1
DA:66,1
DA:67,1
DA:68,1
DA:69,1
DA:70,4
DA:74,2
DA:75,6
DA:77,24
DA:10,2
DA:32,2
DA:77,16657
DA:94,2
DA:97,1875
DA:98,7486
DA:99,1871
DA:101,1805
DA:102,908
DA:104,897
DA:106,7286
DA:113,4
DA:114,2
DA:115,4
DA:117,18528
DA:122,1873
DA:123,1873
DA:124,1871
DA:125,3744
end_of_record
