TN:
SF:/home/salas/antaramol/trabajo/VHDL/general/contador.vhd
FN:1,src_lib__contador__STMT_ELAB
FNDA:4,src_lib__contador__STMT_ELAB
FN:1,src_lib__contador__DECL_ELAB
FNDA:4,src_lib__contador__DECL_ELAB
FN:1,src_lib__contador__PKG_ELAB
FNDA:4,src_lib__contador__PKG_ELAB
FN:5,src_lib__contador__ARCH__contador_arch__STMT_ELAB
FNDA:4,src_lib__contador__ARCH__contador_arch__STMT_ELAB
FN:5,src_lib__contador__ARCH__contador_arch__DECL_ELAB
FNDA:4,src_lib__contador__ARCH__contador_arch__DECL_ELAB
FN:5,src_lib__contador__ARCH__contador_arch__comb__PROC
FNDA:14029,src_lib__contador__ARCH__contador_arch__comb__PROC
FN:32,src_lib__contador__ARCH__contador_arch__sinc__PROC
FNDA:28622,src_lib__contador__ARCH__contador_arch__sinc__PROC
FN:42,src_lib__contador__ARCH__contador_arch__P0__PROC
FNDA:14018,src_lib__contador__ARCH__contador_arch__P0__PROC
DA:1,4
DA:5,4
DA:1,4
DA:5,32
DA:1,4
DA:5,4
DA:5,4
DA:18,4
DA:22,60
DA:36,32
DA:48,88
DA:5,4
DA:18,60
DA:5,14029
DA:24,14029
DA:26,14010
DA:27,15278
DA:29,90600
DA:32,155
DA:32,28622
DA:38,28622
DA:39,564
DA:41,28586
DA:42,115198
DA:48,98890
end_of_record
TN:
SF:/home/salas/antaramol/trabajo/VHDL/general/tb_contador.vhd
FN:1,src_lib__contador_tb__STMT_ELAB
FNDA:2,src_lib__contador_tb__STMT_ELAB
FN:1,src_lib__contador_tb__DECL_ELAB
FNDA:2,src_lib__contador_tb__DECL_ELAB
FN:1,src_lib__contador_tb__PKG_ELAB
FNDA:2,src_lib__contador_tb__PKG_ELAB
FN:10,src_lib__contador_tb__ARCH__bench__STMT_ELAB
FNDA:2,src_lib__contador_tb__ARCH__bench__STMT_ELAB
FN:10,src_lib__contador_tb__ARCH__bench__DECL_ELAB
FNDA:2,src_lib__contador_tb__ARCH__bench__DECL_ELAB
FN:10,src_lib__contador_tb__ARCH__bench__contador_inst__COMP_ELAB
FNDA:2,src_lib__contador_tb__ARCH__bench__contador_inst__COMP_ELAB
FN:11,src_lib__contador_tb__ARCH__bench__main__PROC
FNDA:21,src_lib__contador_tb__ARCH__bench__main__PROC
FN:82,src_lib__contador_tb__ARCH__bench__clk_process__PROC
FNDA:914,src_lib__contador_tb__ARCH__bench__clk_process__PROC
DA:1,2
DA:10,2
DA:1,2
DA:10,2
DA:1,2
DA:10,2
DA:8,2
DA:9,2
DA:10,2
DA:26,2
DA:41,10
DA:86,2
DA:10,2
DA:18,2
DA:20,2
DA:23,2
DA:24,2
DA:25,2
DA:26,18
DA:10,4
DA:11,34
DA:11,39
DA:30,2
DA:43,6
DA:44,6
DA:45,2
DA:46,1
DA:47,1
DA:48,1
DA:49,1
DA:50,1
DA:51,1
DA:52,2
DA:54,3
DA:55,1
DA:56,1
DA:57,1
DA:58,1
DA:59,1
DA:60,1
DA:61,1
DA:62,1
DA:63,1
DA:65,1
DA:66,1
DA:67,1
DA:68,1
DA:69,1
DA:70,1
DA:71,1
DA:72,1
DA:74,1
DA:75,1
DA:76,1
DA:77,4
DA:82,1392
DA:88,458
DA:89,458
DA:90,456
DA:91,914
end_of_record
TN:
SF:/home/salas/antaramol/trabajo/VHDL/general/edc_common.vhd
FN:1,src_lib__edc_common__ELAB_BODY
FNDA:5,src_lib__edc_common__ELAB_BODY
FN:1,src_lib__edc_common__ELAB_SPEC
FNDA:5,src_lib__edc_common__ELAB_SPEC
FN:1,src_lib__edc_common__complex15_EQ
FNDA:0,src_lib__edc_common__complex15_EQ
FN:1,src_lib__edc_common__complex10_EQ
FNDA:25014,src_lib__edc_common__complex10_EQ
DA:1,5
DA:1,5
DA:1,0
DA:1,25014
end_of_record
TN:
SF:/home/salas/antaramol/trabajo/VHDL/general/estimador.vhd
FN:1,src_lib__estimador__STMT_ELAB
FNDA:1,src_lib__estimador__STMT_ELAB
FN:1,src_lib__estimador__DECL_ELAB
FNDA:1,src_lib__estimador__DECL_ELAB
FN:1,src_lib__estimador__PKG_ELAB
FNDA:1,src_lib__estimador__PKG_ELAB
FN:9,src_lib__estimador__ARCH__estimador_arch__STMT_ELAB
FNDA:1,src_lib__estimador__ARCH__estimador_arch__STMT_ELAB
FN:9,src_lib__estimador__ARCH__estimador_arch__DECL_ELAB
FNDA:1,src_lib__estimador__ARCH__estimador_arch__DECL_ELAB
FN:9,src_lib__estimador__ARCH__estimador_arch__contador_inst__COMP_ELAB
FNDA:1,src_lib__estimador__ARCH__estimador_arch__contador_inst__COMP_ELAB
FN:10,src_lib__estimador__ARCH__estimador_arch__interpolator_inst__COMP_ELAB
FNDA:1,src_lib__estimador__ARCH__estimador_arch__interpolator_inst__COMP_ELAB
FN:11,src_lib__estimador__ARCH__estimador_arch__fsm_inst__COMP_ELAB
FNDA:1,src_lib__estimador__ARCH__estimador_arch__fsm_inst__COMP_ELAB
FN:17,src_lib__estimador__ARCH__estimador_arch__P0__PROC
FNDA:1140,src_lib__estimador__ARCH__estimador_arch__P0__PROC
FN:26,src_lib__estimador__ARCH__estimador_arch__prbs_inst__COMP_ELAB
FNDA:1,src_lib__estimador__ARCH__estimador_arch__prbs_inst__COMP_ELAB
DA:1,1
DA:9,1
DA:1,1
DA:9,41
DA:1,1
DA:9,1
DA:7,1
DA:8,2
DA:9,1
DA:30,1
DA:76,1
DA:9,1
DA:26,17
DA:27,101
DA:28,41
DA:29,1
DA:30,1
DA:9,2
DA:10,1
DA:11,17
DA:9,1
DA:10,1
DA:11,2
DA:12,21
DA:13,21
DA:14,1
DA:15,41
DA:16,1
DA:17,22
DA:18,9
DA:19,1
DA:20,1
DA:21,41
DA:22,41
DA:23,1
DA:24,1
DA:25,1
DA:26,1
DA:35,1
DA:43,1
DA:59,1
DA:66,1
DA:76,1141
end_of_record
TN:
SF:/home/salas/antaramol/trabajo/VHDL/general/interpolator.vhd
FN:1,src_lib__interpolator__STMT_ELAB
FNDA:3,src_lib__interpolator__STMT_ELAB
FN:1,src_lib__interpolator__DECL_ELAB
FNDA:3,src_lib__interpolator__DECL_ELAB
FN:1,src_lib__interpolator__PKG_ELAB
FNDA:3,src_lib__interpolator__PKG_ELAB
FN:8,src_lib__interpolator__ARCH__two_processes__STMT_ELAB
FNDA:3,src_lib__interpolator__ARCH__two_processes__STMT_ELAB
FN:8,src_lib__interpolator__ARCH__two_processes__DECL_ELAB
FNDA:3,src_lib__interpolator__ARCH__two_processes__DECL_ELAB
FN:8,src_lib__interpolator__ARCH__two_processes__comb__PROC
FNDA:15939,src_lib__interpolator__ARCH__two_processes__comb__PROC
FN:66,src_lib__interpolator__ARCH__two_processes__P0__PROC
FNDA:14795,src_lib__interpolator__ARCH__two_processes__P0__PROC
FN:72,src_lib__interpolator__ARCH__two_processes__P1__PROC
FNDA:14795,src_lib__interpolator__ARCH__two_processes__P1__PROC
FN:73,src_lib__interpolator__ARCH__two_processes__sinc__PROC
FNDA:27971,src_lib__interpolator__ARCH__two_processes__sinc__PROC
FN:84,src_lib__interpolator__ARCH__two_processes__firewall_assertions__PROC
FNDA:27971,src_lib__interpolator__ARCH__two_processes__firewall_assertions__PROC
DA:1,3
DA:8,3
DA:1,3
DA:8,183
DA:1,3
DA:8,3
DA:8,3
DA:27,3
DA:36,333
DA:72,123
DA:73,123
DA:79,18
DA:97,123
DA:8,3
DA:23,33
DA:24,93
DA:27,123
DA:8,15939
DA:39,31878
DA:40,2285
DA:41,2285
DA:42,6822
DA:43,1137
DA:45,6888
DA:48,81924
DA:53,15939
DA:54,25003
DA:55,25003
DA:56,2273
DA:58,150326
DA:59,150326
DA:63,15939
DA:64,1137
DA:66,14802
DA:66,14795
DA:72,236720
DA:73,236720
DA:81,27971
DA:82,192
DA:83,27939
DA:84,97769
DA:99,27971
DA:100,293643
DA:101,293643
DA:102,27952
DA:103,12507
DA:104,0
DA:107,12507
DA:108,3
end_of_record
TN:
SF:/home/salas/antaramol/trabajo/VHDL/general/tb_fsm.vhd
FN:1,src_lib__fsm_tb__STMT_ELAB
FNDA:2,src_lib__fsm_tb__STMT_ELAB
FN:1,src_lib__fsm_tb__DECL_ELAB
FNDA:2,src_lib__fsm_tb__DECL_ELAB
FN:1,src_lib__fsm_tb__PKG_ELAB
FNDA:2,src_lib__fsm_tb__PKG_ELAB
FN:11,src_lib__fsm_tb__ARCH__bench__STMT_ELAB
FNDA:2,src_lib__fsm_tb__ARCH__bench__STMT_ELAB
FN:11,src_lib__fsm_tb__ARCH__bench__DECL_ELAB
FNDA:2,src_lib__fsm_tb__ARCH__bench__DECL_ELAB
FN:11,src_lib__fsm_tb__ARCH__bench__fsm_inst__COMP_ELAB
FNDA:2,src_lib__fsm_tb__ARCH__bench__fsm_inst__COMP_ELAB
FN:26,src_lib__fsm_tb__ARCH__bench__main__PROC
FNDA:8,src_lib__fsm_tb__ARCH__bench__main__PROC
FN:73,src_lib__fsm_tb__ARCH__bench__clk_process__PROC
FNDA:402,src_lib__fsm_tb__ARCH__bench__clk_process__PROC
DA:1,2
DA:11,2
DA:1,2
DA:11,2
DA:1,2
DA:11,2
DA:11,2
DA:37,2
DA:61,10
DA:78,2
DA:11,2
DA:19,2
DA:21,2
DA:22,2
DA:25,2
DA:26,2
DA:27,18
DA:28,42
DA:29,18
DA:30,2
DA:31,2
DA:32,42
DA:33,42
DA:34,2
DA:35,2
DA:36,2
DA:37,2
DA:11,2
DA:15,2
DA:16,2
DA:17,42
DA:18,18
DA:19,2
DA:20,2
DA:21,82
DA:22,82
DA:23,2
DA:24,2
DA:25,2
DA:26,2
DA:26,24
DA:41,2
DA:63,6
DA:64,4
DA:65,2
DA:66,2
DA:67,1
DA:68,3
DA:70,3
DA:71,2
DA:72,1
DA:73,620
DA:80,202
DA:81,202
DA:82,200
DA:83,402
end_of_record
TN:
SF:/home/salas/antaramol/trabajo/VHDL/general/tb_estimador.vhd
FN:1,src_lib__estimador_tb__STMT_ELAB
FNDA:1,src_lib__estimador_tb__STMT_ELAB
FN:1,src_lib__estimador_tb__DECL_ELAB
FNDA:1,src_lib__estimador_tb__DECL_ELAB
FN:1,src_lib__estimador_tb__PKG_ELAB
FNDA:1,src_lib__estimador_tb__PKG_ELAB
FN:11,src_lib__estimador_tb__ARCH__bench__STMT_ELAB
FNDA:1,src_lib__estimador_tb__ARCH__bench__STMT_ELAB
FN:11,src_lib__estimador_tb__ARCH__bench__DECL_ELAB
FNDA:1,src_lib__estimador_tb__ARCH__bench__DECL_ELAB
FN:11,src_lib__estimador_tb__ARCH__bench__estimador_inst__COMP_ELAB
FNDA:1,src_lib__estimador_tb__ARCH__bench__estimador_inst__COMP_ELAB
FN:20,src_lib__estimador_tb__ARCH__bench__main__PROC
FNDA:6825,src_lib__estimador_tb__ARCH__bench__main__PROC
FN:107,src_lib__estimador_tb__ARCH__bench__printer__PROC
FNDA:13854,src_lib__estimador_tb__ARCH__bench__printer__PROC
FN:148,src_lib__estimador_tb__ARCH__bench__clk_process__PROC
FNDA:13853,src_lib__estimador_tb__ARCH__bench__clk_process__PROC
DA:1,1
DA:11,1
DA:1,1
DA:11,1
DA:1,1
DA:11,1
DA:11,1
DA:37,1
DA:56,1
DA:57,1
DA:59,1
DA:60,65
DA:112,1
DA:117,1
DA:118,1
DA:152,1
DA:11,1
DA:19,1
DA:21,1
DA:22,1
DA:25,1
DA:26,1
DA:27,21
DA:28,1
DA:29,1
DA:30,21
DA:32,21
DA:33,17
DA:36,1
DA:37,1
DA:11,1
DA:15,1
DA:16,1
DA:17,21
DA:18,1
DA:19,1
DA:20,41
DA:20,20475
DA:42,1
DA:62,3
DA:63,3
DA:64,1
DA:65,1
DA:66,1
DA:67,1
DA:68,1
DA:70,1
DA:71,1
DA:72,1
DA:74,1
DA:75,1
DA:77,6819
DA:78,6817
DA:80,6817
DA:82,156791
DA:86,74987
DA:87,74987
DA:89,6817
DA:90,6817
DA:93,41
DA:94,1
DA:96,3
DA:101,1
DA:102,3
DA:104,2
DA:105,2
DA:107,89305
DA:124,1
DA:125,1
DA:128,6928
DA:129,27705
DA:130,6926
DA:132,6817
DA:133,13634
DA:135,6817
DA:136,27377
DA:142,2
DA:143,2
DA:144,1
DA:145,2
DA:146,2
DA:148,82579
DA:154,6927
DA:155,6927
DA:156,6926
DA:157,13853
end_of_record
TN:
SF:/home/salas/antaramol/trabajo/VHDL/general/FSM.vhd
FN:1,src_lib__fsm__STMT_ELAB
FNDA:4,src_lib__fsm__STMT_ELAB
FN:1,src_lib__fsm__DECL_ELAB
FNDA:4,src_lib__fsm__DECL_ELAB
FN:1,src_lib__fsm__PKG_ELAB
FNDA:4,src_lib__fsm__PKG_ELAB
FN:9,src_lib__fsm__ARCH__fsm_arch__STMT_ELAB
FNDA:4,src_lib__fsm__ARCH__fsm_arch__STMT_ELAB
FN:9,src_lib__fsm__ARCH__fsm_arch__DECL_ELAB
FNDA:4,src_lib__fsm__ARCH__fsm_arch__DECL_ELAB
FN:9,src_lib__fsm__ARCH__fsm_arch__comb__PROC
FNDA:2284,src_lib__fsm__ARCH__fsm_arch__comb__PROC
FN:90,src_lib__fsm__ARCH__fsm_arch__sinc__PROC
FNDA:28110,src_lib__fsm__ARCH__fsm_arch__sinc__PROC
DA:1,4
DA:9,4
DA:1,4
DA:9,272
DA:1,4
DA:9,4
DA:9,4
DA:35,4
DA:39,4
DA:40,884
DA:98,4
DA:9,4
DA:33,4
DA:34,32
DA:35,84
DA:9,2284
DA:42,2284
DA:44,2284
DA:46,2284
DA:49,2284
DA:51,66
DA:52,66
DA:53,66
DA:54,66
DA:57,2
DA:58,2
DA:59,22
DA:60,22
DA:62,0
DA:63,2
DA:68,2
DA:71,1136
DA:73,23856
DA:75,1136
DA:76,6072
DA:77,6072
DA:79,6424
DA:80,6424
DA:83,1136
DA:86,1136
DA:89,2
DA:90,2
DA:90,28110
DA:100,28110
DA:101,12
DA:102,28098
DA:103,14044
DA:105,386
DA:106,386
DA:110,2
DA:113,22
DA:114,22
DA:118,1136
DA:121,12496
DA:122,2
DA:123,12494
DA:124,12496
DA:128,6
end_of_record
TN:
SF:/home/salas/antaramol/trabajo/VHDL/general/top_level.vhd
FN:1,src_lib__top_level__STMT_ELAB
FNDA:1,src_lib__top_level__STMT_ELAB
FN:1,src_lib__top_level__DECL_ELAB
FNDA:1,src_lib__top_level__DECL_ELAB
FN:1,src_lib__top_level__PKG_ELAB
FNDA:1,src_lib__top_level__PKG_ELAB
FN:9,src_lib__top_level__ARCH__top_level_arch__STMT_ELAB
FNDA:1,src_lib__top_level__ARCH__top_level_arch__STMT_ELAB
FN:9,src_lib__top_level__ARCH__top_level_arch__DECL_ELAB
FNDA:1,src_lib__top_level__ARCH__top_level_arch__DECL_ELAB
FN:9,src_lib__top_level__ARCH__top_level_arch__contador_inst__COMP_ELAB
FNDA:1,src_lib__top_level__ARCH__top_level_arch__contador_inst__COMP_ELAB
FN:10,src_lib__top_level__ARCH__top_level_arch__interpolator_inst__COMP_ELAB
FNDA:1,src_lib__top_level__ARCH__top_level_arch__interpolator_inst__COMP_ELAB
FN:11,src_lib__top_level__ARCH__top_level_arch__fsm_inst__COMP_ELAB
FNDA:1,src_lib__top_level__ARCH__top_level_arch__fsm_inst__COMP_ELAB
FN:17,src_lib__top_level__ARCH__top_level_arch__P0__PROC
FNDA:1140,src_lib__top_level__ARCH__top_level_arch__P0__PROC
FN:26,src_lib__top_level__ARCH__top_level_arch__prbs_inst__COMP_ELAB
FNDA:1,src_lib__top_level__ARCH__top_level_arch__prbs_inst__COMP_ELAB
FN:78,src_lib__top_level__ARCH__top_level_arch__ecualizador_inst__COMP_ELAB
FNDA:1,src_lib__top_level__ARCH__top_level_arch__ecualizador_inst__COMP_ELAB
DA:1,1
DA:9,1
DA:1,1
DA:9,41
DA:1,1
DA:9,1
DA:7,1
DA:8,2
DA:9,1
DA:32,1
DA:78,1
DA:9,1
DA:21,1
DA:26,9
DA:27,101
DA:28,41
DA:29,1
DA:30,1
DA:31,21
DA:32,1
DA:9,2
DA:10,1
DA:11,9
DA:9,1
DA:10,1
DA:11,2
DA:12,21
DA:13,21
DA:14,2
DA:15,41
DA:16,22
DA:17,22
DA:18,26
DA:19,2
DA:20,2
DA:21,82
DA:22,41
DA:23,1
DA:24,1
DA:25,1
DA:26,1
DA:37,1
DA:45,1
DA:61,1
DA:68,1
DA:78,1140
DA:80,1
end_of_record
TN:
SF:/home/salas/antaramol/trabajo/VHDL/general/tb_interpolador.vhd
FN:1,src_lib__interpolator_tb__STMT_ELAB
FNDA:1,src_lib__interpolator_tb__STMT_ELAB
FN:1,src_lib__interpolator_tb__DECL_ELAB
FNDA:1,src_lib__interpolator_tb__DECL_ELAB
FN:1,src_lib__interpolator_tb__PKG_ELAB
FNDA:1,src_lib__interpolator_tb__PKG_ELAB
FN:11,src_lib__interpolator_tb__ARCH__bench__STMT_ELAB
FNDA:1,src_lib__interpolator_tb__ARCH__bench__STMT_ELAB
FN:11,src_lib__interpolator_tb__ARCH__bench__DECL_ELAB
FNDA:1,src_lib__interpolator_tb__ARCH__bench__DECL_ELAB
FN:11,src_lib__interpolator_tb__ARCH__bench__interpolator_inst__COMP_ELAB
FNDA:1,src_lib__interpolator_tb__ARCH__bench__interpolator_inst__COMP_ELAB
FN:17,src_lib__interpolator_tb__ARCH__bench__main__PROC
FNDA:8,src_lib__interpolator_tb__ARCH__bench__main__PROC
FN:71,src_lib__interpolator_tb__ARCH__bench__clk_process__PROC
FNDA:263,src_lib__interpolator_tb__ARCH__bench__clk_process__PROC
DA:1,1
DA:11,1
DA:1,1
DA:11,1
DA:1,1
DA:11,1
DA:10,1
DA:11,1
DA:30,1
DA:46,45
DA:75,1
DA:11,1
DA:19,1
DA:23,1
DA:24,1
DA:25,21
DA:26,21
DA:27,1
DA:28,21
DA:29,1
DA:30,1
DA:11,2
DA:12,21
DA:13,21
DA:14,1
DA:15,41
DA:16,1
DA:17,1
DA:17,17
DA:34,1
DA:48,3
DA:49,3
DA:50,1
DA:52,1
DA:53,1
DA:54,1
DA:55,1
DA:57,1
DA:58,1
DA:59,11
DA:60,11
DA:61,11
DA:62,11
DA:64,1
DA:65,1
DA:67,3
DA:71,405
DA:77,132
DA:78,132
DA:79,131
DA:80,263
end_of_record
TN:
SF:/home/salas/antaramol/trabajo/VHDL/general/prbs.vhd
FN:1,src_lib__prbs__STMT_ELAB
FNDA:5,src_lib__prbs__STMT_ELAB
FN:1,src_lib__prbs__DECL_ELAB
FNDA:5,src_lib__prbs__DECL_ELAB
FN:1,src_lib__prbs__PKG_ELAB
FNDA:5,src_lib__prbs__PKG_ELAB
FN:5,src_lib__prbs__ARCH__prbs_arch__STMT_ELAB
FNDA:5,src_lib__prbs__ARCH__prbs_arch__STMT_ELAB
FN:5,src_lib__prbs__ARCH__prbs_arch__DECL_ELAB
FNDA:5,src_lib__prbs__ARCH__prbs_arch__DECL_ELAB
FN:5,src_lib__prbs__ARCH__prbs_arch__P0__PROC
FNDA:8568,src_lib__prbs__ARCH__prbs_arch__P0__PROC
FN:21,src_lib__prbs__ARCH__prbs_arch__comb__PROC
FNDA:17192,src_lib__prbs__ARCH__prbs_arch__comb__PROC
FN:29,src_lib__prbs__ARCH__prbs_arch__sinc__PROC
FNDA:34922,src_lib__prbs__ARCH__prbs_arch__sinc__PROC
DA:1,5
DA:5,5
DA:1,5
DA:5,5
DA:1,5
DA:5,5
DA:5,5
DA:17,5
DA:21,5
DA:23,215
DA:34,60
DA:5,5
DA:17,115
DA:5,8568
DA:21,8568
DA:21,17192
DA:25,17192
DA:26,17170
DA:27,188870
DA:29,264
DA:36,34922
DA:37,828
DA:38,34886
DA:39,226709
end_of_record
TN:
SF:/home/salas/antaramol/trabajo/VHDL/general/ecualizador.vhd
FN:1,src_lib__ecualizador__PKG_ELAB
FNDA:1,src_lib__ecualizador__PKG_ELAB
FN:1,src_lib__ecualizador__DECL_ELAB
FNDA:1,src_lib__ecualizador__DECL_ELAB
FN:1,src_lib__ecualizador__STMT_ELAB
FNDA:1,src_lib__ecualizador__STMT_ELAB
FN:8,src_lib__ecualizador__ARCH__ecualizador_arch__DECL_ELAB
FNDA:1,src_lib__ecualizador__ARCH__ecualizador_arch__DECL_ELAB
FN:8,src_lib__ecualizador__ARCH__ecualizador_arch__registro_type_BUILDER
FNDA:13848,src_lib__ecualizador__ARCH__ecualizador_arch__registro_type_BUILDER
FN:8,src_lib__ecualizador__ARCH__ecualizador_arch__registro_type_SIGBUILDER
FNDA:13848,src_lib__ecualizador__ARCH__ecualizador_arch__registro_type_SIGBUILDER
FN:8,src_lib__ecualizador__ARCH__ecualizador_arch__registro_type_EQ
FNDA:0,src_lib__ecualizador__ARCH__ecualizador_arch__registro_type_EQ
FN:8,src_lib__ecualizador__ARCH__ecualizador_arch__P0__PROC
FNDA:1138,src_lib__ecualizador__ARCH__ecualizador_arch__P0__PROC
FN:8,src_lib__ecualizador__ARCH__ecualizador_arch__STMT_ELAB
FNDA:1,src_lib__ecualizador__ARCH__ecualizador_arch__STMT_ELAB
FN:40,src_lib__ecualizador__ARCH__ecualizador_arch__P1__PROC
FNDA:5219,src_lib__ecualizador__ARCH__ecualizador_arch__P1__PROC
FN:42,src_lib__ecualizador__ARCH__ecualizador_arch__P2__PROC
FNDA:5196,src_lib__ecualizador__ARCH__ecualizador_arch__P2__PROC
FN:43,src_lib__ecualizador__ARCH__ecualizador_arch__P3__PROC
FNDA:6772,src_lib__ecualizador__ARCH__ecualizador_arch__P3__PROC
FN:44,src_lib__ecualizador__ARCH__ecualizador_arch__P4__PROC
FNDA:6765,src_lib__ecualizador__ARCH__ecualizador_arch__P4__PROC
FN:45,src_lib__ecualizador__ARCH__ecualizador_arch__P5__PROC
FNDA:13543,src_lib__ecualizador__ARCH__ecualizador_arch__P5__PROC
FN:48,src_lib__ecualizador__ARCH__ecualizador_arch__P6__PROC
FNDA:13543,src_lib__ecualizador__ARCH__ecualizador_arch__P6__PROC
FN:49,src_lib__ecualizador__ARCH__ecualizador_arch__P7__PROC
FNDA:6727,src_lib__ecualizador__ARCH__ecualizador_arch__P7__PROC
FN:52,src_lib__ecualizador__ARCH__ecualizador_arch__comb__PROC
FNDA:14105,src_lib__ecualizador__ARCH__ecualizador_arch__comb__PROC
FN:88,src_lib__ecualizador__ARCH__ecualizador_arch__P8__PROC
FNDA:11649,src_lib__ecualizador__ARCH__ecualizador_arch__P8__PROC
FN:94,src_lib__ecualizador__ARCH__ecualizador_arch__P9__PROC
FNDA:10954,src_lib__ecualizador__ARCH__ecualizador_arch__P9__PROC
FN:95,src_lib__ecualizador__ARCH__ecualizador_arch__sinc__PROC
FNDA:13854,src_lib__ecualizador__ARCH__ecualizador_arch__sinc__PROC
DA:1,1
DA:8,1
DA:1,1
DA:8,61
DA:1,1
DA:8,1
DA:8,1
DA:25,1
DA:28,1093
DA:30,41
DA:31,28
DA:32,55
DA:34,55
DA:8,13848
DA:8,13848
DA:8,0
DA:8,1138
DA:40,1138
DA:8,1
DA:34,1
DA:40,1
DA:42,21
DA:43,21
DA:44,21
DA:45,21
DA:48,61
DA:49,61
DA:52,61
DA:56,136
DA:94,41
DA:95,41
DA:98,546
DA:40,5219
DA:42,57409
DA:43,57156
DA:44,74492
DA:45,74415
DA:48,284403
DA:49,284403
DA:52,141267
DA:60,14105
DA:62,13529
DA:65,0
DA:66,0
DA:67,0
DA:68,0
DA:70,0
DA:73,0
DA:74,0
DA:75,0
DA:76,0
DA:78,0
DA:82,378812
DA:83,378812
DA:87,16128
DA:88,16128
DA:94,128139
DA:95,120494
DA:100,13854
DA:101,3282
DA:102,13848
DA:103,145383
DA:104,1751520
end_of_record
TN:
SF:/home/salas/antaramol/trabajo/VHDL/general/tb_top.vhd
FN:1,src_lib__top_level_tb__STMT_ELAB
FNDA:1,src_lib__top_level_tb__STMT_ELAB
FN:1,src_lib__top_level_tb__DECL_ELAB
FNDA:1,src_lib__top_level_tb__DECL_ELAB
FN:1,src_lib__top_level_tb__PKG_ELAB
FNDA:1,src_lib__top_level_tb__PKG_ELAB
FN:16,src_lib__top_level_tb__ARCH__bench__STMT_ELAB
FNDA:1,src_lib__top_level_tb__ARCH__bench__STMT_ELAB
FN:16,src_lib__top_level_tb__ARCH__bench__DECL_ELAB
FNDA:1,src_lib__top_level_tb__ARCH__bench__DECL_ELAB
FN:16,src_lib__top_level_tb__ARCH__bench__top_level_inst__COMP_ELAB
FNDA:1,src_lib__top_level_tb__ARCH__bench__top_level_inst__COMP_ELAB
FN:20,src_lib__top_level_tb__ARCH__bench__main__PROC
FNDA:6825,src_lib__top_level_tb__ARCH__bench__main__PROC
FN:118,src_lib__top_level_tb__ARCH__bench__printer__PROC
FNDA:13854,src_lib__top_level_tb__ARCH__bench__printer__PROC
FN:159,src_lib__top_level_tb__ARCH__bench__clk_process__PROC
FNDA:13853,src_lib__top_level_tb__ARCH__bench__clk_process__PROC
DA:1,1
DA:16,1
DA:1,1
DA:16,1
DA:1,1
DA:16,1
DA:15,1
DA:16,1
DA:45,1
DA:64,1
DA:66,1
DA:68,1
DA:69,65
DA:123,1
DA:128,1
DA:129,1
DA:164,1
DA:16,1
DA:24,1
DA:26,1
DA:27,1
DA:30,1
DA:31,1
DA:32,41
DA:33,1
DA:35,21
DA:36,9
DA:38,33
DA:39,11
DA:41,1
DA:42,1
DA:44,21
DA:45,1
DA:16,2
DA:17,21
DA:18,1
DA:19,1
DA:20,41
DA:20,20475
DA:50,1
DA:73,3
DA:74,3
DA:75,1
DA:76,1
DA:77,1
DA:78,1
DA:79,1
DA:81,1
DA:82,1
DA:83,1
DA:85,1
DA:86,1
DA:88,6819
DA:89,6817
DA:91,6817
DA:93,156791
DA:97,74987
DA:98,74987
DA:100,6817
DA:101,6817
DA:104,41
DA:105,1
DA:107,3
DA:112,1
DA:113,3
DA:115,2
DA:116,2
DA:118,89305
DA:135,1
DA:136,1
DA:139,6928
DA:140,27705
DA:141,6926
DA:143,6817
DA:144,13634
DA:146,6817
DA:147,27377
DA:153,2
DA:154,2
DA:155,1
DA:156,2
DA:157,2
DA:159,82579
DA:166,6927
DA:167,6927
DA:168,6926
DA:169,13853
end_of_record
TN:
SF:/home/salas/antaramol/trabajo/VHDL/general/tb_prbs.vhd
FN:1,src_lib__prbs_tb__STMT_ELAB
FNDA:3,src_lib__prbs_tb__STMT_ELAB
FN:1,src_lib__prbs_tb__DECL_ELAB
FNDA:3,src_lib__prbs_tb__DECL_ELAB
FN:1,src_lib__prbs_tb__PKG_ELAB
FNDA:3,src_lib__prbs_tb__PKG_ELAB
FN:10,src_lib__prbs_tb__ARCH__bench__STMT_ELAB
FNDA:3,src_lib__prbs_tb__ARCH__bench__STMT_ELAB
FN:10,src_lib__prbs_tb__ARCH__bench__DECL_ELAB
FNDA:3,src_lib__prbs_tb__ARCH__bench__DECL_ELAB
FN:10,src_lib__prbs_tb__ARCH__bench__main__PROC
FNDA:29,src_lib__prbs_tb__ARCH__bench__main__PROC
FN:10,src_lib__prbs_tb__ARCH__bench__prbs_inst__COMP_ELAB
FNDA:3,src_lib__prbs_tb__ARCH__bench__prbs_inst__COMP_ELAB
FN:77,src_lib__prbs_tb__ARCH__bench__printer__PROC
FNDA:7214,src_lib__prbs_tb__ARCH__bench__printer__PROC
FN:117,src_lib__prbs_tb__ARCH__bench__clk_process__PROC
FNDA:7211,src_lib__prbs_tb__ARCH__bench__clk_process__PROC
DA:1,3
DA:10,3
DA:1,3
DA:10,3
DA:1,3
DA:10,3
DA:7,3
DA:8,3
DA:9,3
DA:10,3
DA:28,3
DA:40,15
DA:82,3
DA:87,3
DA:88,3
DA:120,3
DA:10,3
DA:18,3
DA:22,3
DA:23,3
DA:24,3
DA:25,3
DA:27,3
DA:28,3
DA:10,59
DA:42,9
DA:43,9
DA:44,3
DA:45,2
DA:46,2
DA:47,2
DA:48,2
DA:49,2
DA:50,2
DA:52,2
DA:53,2
DA:54,4
DA:56,5
DA:57,1
DA:58,1
DA:59,1
DA:60,1
DA:61,1
DA:62,1
DA:63,1
DA:64,1
DA:66,1
DA:67,1
DA:68,1
DA:69,1
DA:70,5
DA:74,3
DA:75,9
DA:77,36
DA:10,3
DA:32,3
DA:77,32178
DA:94,3
DA:97,3610
DA:98,14419
DA:99,3604
DA:101,3510
DA:102,1765
DA:104,1745
DA:106,14134
DA:113,6
DA:114,3
DA:115,6
DA:117,35782
DA:122,3607
DA:123,3607
DA:124,3604
DA:125,7211
end_of_record
